\BOOKMARK [1][-]{section.1}{\376\377\000I\000n\000t\000r\000o\000d\000u\000c\000t\000i\000o\000n}{}% 1
\BOOKMARK [1][-]{section.2}{\376\377\000V\000a\000r\000i\000a\000b\000l\000e\000s}{}% 2
\BOOKMARK [1][-]{section.3}{\376\377\000R\000e\000f\000e\000r\000e\000n\000c\000e\000\040\000G\000e\000n\000o\000m\000e}{}% 3
\BOOKMARK [2][-]{subsection.3.1}{\376\377\000D\000o\000w\000n\000l\000o\000a\000d}{section.3}% 4
\BOOKMARK [2][-]{subsection.3.2}{\376\377\000C\000r\000e\000a\000t\000e\000\040\000F\000A\000S\000T\000A\000\040\000i\000n\000d\000e\000x}{section.3}% 5
\BOOKMARK [2][-]{subsection.3.3}{\376\377\000C\000r\000e\000a\000t\000e\000\040\000l\000i\000s\000t\000\040\000o\000f\000\040\000c\000h\000r\000o\000m\000o\000s\000o\000m\000e\000s}{section.3}% 6
\BOOKMARK [2][-]{subsection.3.4}{\376\377\000C\000r\000e\000a\000t\000e\000\040\000t\000a\000b\000l\000e\000\040\000w\000i\000t\000h\000\040\000c\000h\000r\000o\000m\000o\000s\000o\000m\000e\000\040\000s\000i\000z\000e\000s}{section.3}% 7
\BOOKMARK [1][-]{section.4}{\376\377\000P\000e\000a\000k\000\040\000C\000a\000l\000l\000i\000n\000g}{}% 8
\BOOKMARK [2][-]{subsection.4.1}{\376\377\000S\000o\000r\000t\000\040\000b\000y\000\040\000r\000e\000a\000d\000\040\000n\000a\000m\000e\000s}{section.4}% 9
\BOOKMARK [2][-]{subsection.4.2}{\376\377\000P\000e\000a\000k\000\040\000c\000a\000l\000l\000i\000n\000g}{section.4}% 10
\BOOKMARK [1][-]{section.5}{\376\377\000Q\000u\000a\000l\000i\000t\000y\000\040\000C\000o\000n\000t\000r\000o\000l}{}% 11
\BOOKMARK [2][-]{subsection.5.1}{\376\377\000I\000G\000V}{section.5}% 12
\BOOKMARK [3][-]{subsubsection.5.1.1}{\376\377\000C\000o\000n\000v\000e\000r\000t\000\040\000b\000e\000d\000G\000r\000a\000p\000h\000\040\000t\000o\000\040\000B\000i\000g\000W\000i\000g}{subsection.5.1}% 13
\BOOKMARK [3][-]{subsubsection.5.1.2}{\376\377\000L\000a\000u\000n\000c\000h\000\040\000I\000G\000V}{subsection.5.1}% 14
\BOOKMARK [3][-]{subsubsection.5.1.3}{\376\377\000L\000o\000a\000d\000\040\000G\000e\000n\000o\000m\000e\000\040\000a\000n\000d\000\040\000T\000r\000a\000c\000k\000s}{subsection.5.1}% 15
\BOOKMARK [3][-]{subsubsection.5.1.4}{\376\377\000E\000x\000p\000l\000o\000r\000e\000\040\000u\000s\000i\000n\000g\000\040\000I\000G\000V}{subsection.5.1}% 16
\BOOKMARK [2][-]{subsection.5.2}{\376\377\000A\000T\000A\000Q\000V}{section.5}% 17
\BOOKMARK [3][-]{subsubsection.5.2.1}{\376\377\000I\000n\000d\000e\000x\000\040\000B\000A\000M}{subsection.5.2}% 18
\BOOKMARK [3][-]{subsubsection.5.2.2}{\376\377\000R\000u\000n\000\040\000A\000T\000A\000Q\000V}{subsection.5.2}% 19
\BOOKMARK [3][-]{subsubsection.5.2.3}{\376\377\000V\000i\000s\000u\000a\000l\000i\000s\000i\000n\000g\000\040\000r\000e\000s\000u\000l\000t\000s}{subsection.5.2}% 20
